session start at 20231127 19:11:23
./test.md 0小时0分钟8秒
./test1.md 0小时0分钟3秒
session start at 20231127 19:15:47
session start at 20231127 19:15:47
session start at 20231127 19:15:47
session start at 20231127 19:15:47
session start at 20231127 19:15:47
session start at 20231127 19:15:47
./testcase4-1.md 0小时0分钟0秒
session start at 20231127 19:15:47
./testcase4-2.md 0小时0分钟0秒
./testcase3.md 0小时0分钟0秒
session start at 20231127 19:15:47
session start at 20231127 19:15:47
session start at 20231127 19:15:47
session start at 20231127 19:15:47
session start at 20231127 19:15:47
session start at 20231127 19:15:47
session start at 20231127 19:47:17
session start at 20231129 23:20:16
session start at 20231129 23:20:44
session start at 20231129 23:21:24
session start at 20231129 23:51:14
session start at 20231129 23:52:03
./test.md 0小时0分钟43秒
session start at 20231130 00:02:18
./test.md 0小时0分钟37秒
session start at 20231130 16:04:55
./test.md 0小时0分钟29秒
session start at 20231130 16:14:42
./test.md 0小时0分钟22秒
session start at 20231130 16:20:44
session start at 20231130 16:23:41
./test.md 0小时0分钟19秒
./test1.md 0小时0分钟48秒
./test1.md 0小时0分钟33秒
session start at 20231130 16:32:59
session start at 20231130 16:34:31
session start at 20231130 16:42:38
./test.md 0小时0分钟18秒
session start at 20231130 16:43:55
session start at 20231130 16:44:31
session start at 20231130 16:45:44
./test.md 0小时0分钟15秒
session start at 20231130 16:58:01
session start at 20231130 21:34:32
session start at 20231130 21:35:52
session start at 20231130 21:36:33
session start at 20231130 21:38:18
session start at 20231130 21:38:51
session start at 20231130 21:41:11
./test.md 0小时1分钟16秒
session start at 20231130 21:47:59
session start at 20231130 21:49:55
session start at 20231130 21:50:26
session start at 20231130 21:51:11
session start at 20231130 21:51:35
.//data/test.md 0小时0分钟10秒
session start at 20231130 21:52:33
session start at 20231130 22:22:30
./test.md 0小时0分钟11秒
session start at 20231130 22:24:25
./test.md 0小时0分钟4秒
session start at 20231130 22:25:30
./test.md 0小时0分钟4秒
session start at 20231130 22:28:34
./test.md 0小时0分钟7秒
session start at 20231130 22:30:53
session start at 20231130 22:31:37
./test.md 0小时0分钟6秒
session start at 20231130 22:48:56
session start at 20231130 22:55:43
./test1.md 0小时0分钟51秒
session start at 20231130 22:59:31
./test3.md 0小时0分钟42秒
session start at 20231130 23:01:58
session start at 20231130 23:03:06
./test6.md 0小时0分钟33秒
session start at 20231130 23:06:33
./test6.md 0小时0分钟37秒
session start at 20231130 23:14:09
./test6.md 0小时0分钟11秒
session start at 20231130 23:16:08
./test6.md 0小时0分钟11秒
session start at 20231130 23:18:41
./test6.md 0小时0分钟19秒
./test7.md 0小时0分钟14秒
session start at 20231130 23:19:38
session start at 20231130 23:24:39
session start at 20231130 23:25:07
./test6.md 0小时0分钟12秒
session start at 20231130 23:47:17
./test6.md 0小时0分钟53秒
session start at 20231130 23:52:33
./test6.md 0小时0分钟37秒
./test7.md 0小时6分钟39秒
./test7.md 0小时10分钟23秒
session start at 20231201 00:16:51
session start at 20231201 00:17:45
./test6.md 0小时0分钟39秒
session start at 20231202 14:52:52
./test6.md 0小时0分钟44秒
session start at 20231202 14:57:39
./test7.md 0小时3分钟35秒
./test7.md 0小时0分钟13秒
session start at 20231202 15:01:17
./test7.md 0小时7分钟13秒
./test7.md 0小时0分钟6秒
session start at 20231202 15:03:24
./test7.md 0小时9分钟20秒
./test7.md 0小时0分钟41秒
./test6.md 0小时0分钟6秒
session start at 20231202 15:04:17
./test6.md 0小时0分钟11秒
./test6.md 0小时0分钟8秒
./test7.md 0小时0分钟12秒
session start at 20231202 16:00:47
session start at 20231202 16:00:47
session start at 20231202 16:01:21
session start at 20231202 16:01:21
./test1.md 0小时0分钟49秒
session start at 20231202 16:04:53
session start at 20231202 16:05:38
session start at 20231202 16:06:19
session start at 20231202 16:06:43
session start at 20231202 16:07:45
session start at 20231202 16:08:30
session start at 20231202 16:09:55
session start at 20231202 16:11:03
session start at 20231202 16:15:59
session start at 20231202 16:17:05
./test1.md 0小时0分钟0秒
session start at 20231202 16:18:04
./test1.md 0小时0分钟0秒
session start at 20231202 16:19:00
./test1.md 0小时0分钟0秒
session start at 20231202 16:21:05
./test1.md 0小时0分钟0秒
session start at 20231202 16:22:02
./test1.md 0小时0分钟0秒
session start at 20231202 16:22:27
./test1.md 0小时0分钟0秒
session start at 20231202 16:23:06
./test1.md 0小时0分钟0秒
session start at 20231202 16:24:39
./test1.md 0小时0分钟0秒
session start at 20231202 16:25:27
./test1.md 0小时0分钟0秒
session start at 20231202 16:26:49
./test1.md 0小时0分钟0秒
session start at 20231202 16:28:06
./test1.md 0小时0分钟0秒
session start at 20231202 16:28:43
./test1.md 0小时0分钟0秒
./test2.md 0小时0分钟0秒
session start at 20231202 16:53:11
./test3.md 0小时0分钟0秒
session start at 20231202 16:53:50
./test3.md 0小时0分钟0秒
session start at 20231202 16:54:37
./test3.md 0小时0分钟0秒
./test1.md 0小时43分钟43秒
session start at 20231202 16:55:00
./test1.md 0小时43分钟52秒
./test1.md 0小时0分钟0秒
./test3.md 0小时0分钟0秒
session start at 20231202 16:57:07
./test1.md 0小时0分钟0秒
./test2.md 0小时0分钟0秒
session start at 20231202 16:57:15
./test3.md 0小时0分钟0秒
session start at 20231202 16:58:16
./test3.md 0小时0分钟0秒
session start at 20231202 16:58:38
./test3.md 0小时0分钟0秒
session start at 20231202 16:59:15
./test3.md 0小时0分钟0秒
session start at 20231202 16:59:59
./test1.md 0小时0分钟11秒
session start at 20231202 17:00:34
./test3.md 0小时0分钟31秒
./test4.md 0小时0分钟12秒
session start at 20231202 17:02:43
session start at 20231202 17:03:55
./test3.md 0小时0分钟0秒
session start at 20231202 17:04:34
./test3.md 0小时0分钟0秒
session start at 20231202 17:06:37
./test3.md 0小时0分钟0秒
session start at 20231202 17:07:00
./test3.md 0小时0分钟0秒
session start at 20231202 17:07:19
./test3.md 0小时0分钟0秒
session start at 20231202 17:08:21
./test3.md 0小时0分钟0秒
session start at 20231202 17:08:41
./test3.md 0小时0分钟0秒
./test4.md 0小时0分钟0秒
session start at 20231202 17:13:03
./test3.md 0小时0分钟0秒
session start at 20231202 17:14:15
./test3.md 0小时0分钟0秒
./test4.md 0小时0分钟0秒
session start at 20231202 17:14:37
./test3.md 0小时0分钟0秒
./test4.md 0小时0分钟0秒
session start at 20231202 17:14:50
./test3.md 0小时0分钟0秒
./test4.md 0小时0分钟0秒
session start at 20231202 17:17:20
./test3.md 0小时0分钟0秒
./test4.md 0小时0分钟0秒
session start at 20231202 17:17:53
./test3.md 0小时0分钟0秒
./test4.md 0小时0分钟0秒
session start at 20231202 17:19:55
./test3.md 0小时0分钟0秒
./test4.md 0小时0分钟0秒
session start at 20231202 17:21:59
./test3.md 0小时0分钟0秒
./test4.md 0小时0分钟0秒
./test3.md 0小时0分钟0秒
session start at 20231202 17:24:10
./test3.md 0小时2分钟11秒
session start at 20231202 17:27:13
session start at 20231202 17:27:35
session start at 20231202 17:28:42
session start at 20231202 17:29:05
session start at 20231202 17:29:48
./test1.md 0小时0分钟0秒
./test2.md 0小时0分钟0秒
session start at 20231202 17:29:48
./test3.md 0小时0分钟0秒
./test4.md 0小时0分钟0秒
./test3.md 0小时0分钟0秒
session start at 20231202 17:29:48
./test3.md 0小时0分钟0秒
./test3.md 0小时0分钟0秒
session start at 20231202 17:29:48
session start at 20231202 17:34:11
./test6.md 0小时0分钟0秒
session start at 20231202 17:38:10
./test6.md 0小时0分钟0秒
./test7.md 0小时0分钟0秒
session start at 20231202 17:38:10
./test7.md 0小时0分钟0秒
session start at 20231202 17:40:37
./test7.md 0小时2分钟27秒
./test7.md 0小时0分钟0秒
./test6.md 0小时0分钟0秒
./test7.md 0小时0分钟0秒
session start at 20231202 17:40:37
./test7.md 0小时0分钟0秒
session start at 20231202 17:40:49
./test7.md 0小时0分钟11秒
./test7.md 0小时0分钟0秒
./test1.md 0小时0分钟0秒
session start at 20231202 17:40:49
./test3.md 0小时0分钟0秒
./test4.md 0小时0分钟0秒
./test3.md 0小时0分钟0秒
session start at 20231202 17:40:49
./test3.md 0小时0分钟0秒
./test3.md 0小时0分钟0秒
session start at 20231202 17:40:49
./test6.md 0小时0分钟0秒
./test7.md 0小时0分钟0秒
session start at 20231202 17:40:49
./test7.md 0小时0分钟0秒
session start at 20231202 17:41:25
./test7.md 0小时0分钟35秒
./test7.md 0小时0分钟0秒
./test1.md 0小时0分钟0秒
session start at 20231202 17:41:55
./test3.md 0小时0分钟0秒
./test4.md 0小时0分钟0秒
./test3.md 0小时0分钟0秒
session start at 20231202 17:42:38
./test3.md 0小时0分钟42秒
./test3.md 0小时0分钟0秒
./test1.md 0小时0分钟0秒
session start at 20231202 17:43:13
./test1.md 0小时0分钟0秒
./test2.md 0小时0分钟0秒
session start at 20231202 17:43:19
./test1.md 0小时0分钟0秒
./test2.md 0小时0分钟0秒
session start at 20231202 17:43:19
./test3.md 0小时0分钟0秒
./test4.md 0小时0分钟0秒
./test3.md 0小时0分钟0秒
session start at 20231202 17:43:19
./test3.md 0小时0分钟0秒
./test3.md 0小时0分钟0秒
session start at 20231202 17:43:19
./test6.md 0小时0分钟0秒
./test7.md 0小时0分钟0秒
session start at 20231202 17:43:19
./test7.md 0小时0分钟0秒
session start at 20231202 17:43:27
./test7.md 0小时0分钟7秒
./test7.md 0小时0分钟0秒
./test1.md 0小时0分钟0秒
session start at 20231202 17:43:37
./test1.md 0小时0分钟0秒
./test2.md 0小时0分钟0秒
session start at 20231202 17:43:37
./test3.md 0小时0分钟0秒
./test4.md 0小时0分钟0秒
./test3.md 0小时0分钟0秒
session start at 20231202 17:43:37
./test3.md 0小时0分钟0秒
./test3.md 0小时0分钟0秒
session start at 20231202 17:43:37
./test6.md 0小时0分钟0秒
./test7.md 0小时0分钟0秒
session start at 20231202 17:43:37
./test7.md 0小时0分钟0秒
session start at 20231202 17:44:18
./test1.md 0小时0分钟0秒
./test2.md 0小时0分钟0秒
session start at 20231202 17:44:18
./test3.md 0小时0分钟0秒
./test4.md 0小时0分钟0秒
./test3.md 0小时0分钟0秒
session start at 20231202 17:44:18
session start at 20231202 17:44:18
./test6.md 0小时0分钟0秒
./test7.md 0小时0分钟0秒
session start at 20231202 17:44:18
./test7.md 0小时0分钟0秒
session start at 20231202 17:44:30
./test1.md 0小时0分钟0秒
./test2.md 0小时0分钟0秒
session start at 20231202 17:44:36
./test1.md 0小时0分钟0秒
./test2.md 0小时0分钟0秒
session start at 20231202 17:44:36
./test3.md 0小时0分钟0秒
./test4.md 0小时0分钟0秒
./test3.md 0小时0分钟0秒
session start at 20231202 17:44:36
session start at 20231202 17:44:36
./test6.md 0小时0分钟0秒
./test7.md 0小时0分钟0秒
session start at 20231202 17:44:37
./test7.md 0小时0分钟0秒
session start at 20231202 19:03:40
./test1.md 0小时0分钟0秒
./test2.md 0小时0分钟0秒
session start at 20231202 19:03:41
./test3.md 0小时0分钟0秒
./test4.md 0小时0分钟0秒
./test3.md 0小时0分钟0秒
session start at 20231202 19:03:41
session start at 20231202 19:03:41
./test6.md 0小时0分钟0秒
./test7.md 0小时0分钟0秒
session start at 20231202 19:03:41
./test7.md 0小时0分钟0秒
session start at 20231202 19:27:50
./test1.md 0小时0分钟0秒
./test2.md 0小时0分钟0秒
session start at 20231202 19:27:50
./test3.md 0小时0分钟0秒
./test4.md 0小时0分钟0秒
./test3.md 0小时0分钟0秒
session start at 20231202 19:27:51
session start at 20231202 19:27:51
./test6.md 0小时0分钟0秒
./test7.md 0小时0分钟0秒
session start at 20231202 19:27:51
./test7.md 0小时0分钟0秒
session start at 20231202 19:32:52
./test1.md 0小时0分钟0秒
./test1.md 0小时0分钟0秒
./test1.md 0小时0分钟0秒
./test1.md 0小时0分钟0秒
./test1.md 0小时0分钟0秒
./test1.md 0小时0分钟0秒
./test1.md 0小时0分钟0秒
./test.md 0小时0分钟0秒
./test.md 0小时0分钟0秒
./test1.md 0小时0分钟0秒
./test.md 0小时0分钟0秒
./test1.md 0小时0分钟0秒
./test1.md 0小时0分钟0秒
./test1.md 0小时0分钟0秒
./test1.md 0小时0分钟0秒
./test1.md 0小时0分钟0秒
./test1.md 0小时0分钟0秒
./test1.md 0小时0分钟0秒
./test1.md 0小时0分钟0秒
session start at 20231202 20:04:42
session start at 20231202 20:07:14
./test7.md 0小时39分钟23秒
./test7.md 0小时0分钟15秒
session start at 20231202 20:08:33
./test7.md 0小时40分钟42秒
./test7.md 0小时0分钟8秒
session start at 20231202 20:08:54
session start at 20231202 20:10:14
session start at 20231202 20:10:44
session start at 20231202 20:11:25
./test6.md 0小时0分钟0秒
./test7.md 0小时0分钟0秒
session start at 20231202 20:11:25
./test7.md 0小时0分钟0秒
session start at 20231202 20:11:30
./test6.md 0小时0分钟0秒
./test7.md 0小时0分钟0秒
session start at 20231202 20:11:30
./test7.md 0小时0分钟0秒
session start at 20231202 20:11:39
./test7.md 0小时0分钟9秒
./test7.md 0小时0分钟7秒
session start at 20231202 20:11:58
session start at 20231202 20:12:59
./test6.md 0小时0分钟0秒
./test7.md 0小时0分钟0秒
session start at 20231202 20:12:59
./test7.md 0小时0分钟0秒
session start at 20231202 20:13:06
./test7.md 0小时0分钟6秒
./test7.md 0小时0分钟6秒
session start at 20231202 20:13:26
./test6.md 0小时0分钟8秒
session start at 20240104 11:18:47
./test6.md 783小时4分钟54秒
./test6.md 0小时0分钟51秒
./test7.md 0小时0分钟13秒
./test7.md 0小时0分钟11秒
session start at 20240725 12:16:09
./test7.md 4872小时55分钟56秒
./test7.md 0小时1分钟21秒
./test1.md 0小时0分钟47秒
./test2.md 0小时0分钟11秒
session start at 20240725 12:18:35
./test2.md 0小时0分钟16秒
./test2.md 0小时0分钟16秒
